28: FormDAO.java: 31-Jul-2021 02:54:55,081: DEBUG: insertUserDetails: fetchig
28: FormDAO.java: 31-Jul-2021 02:56:25,671: DEBUG: insertUserDetails: fetchig
78: FormDAO.java: 31-Jul-2021 02:57:01,684: DEBUG: getUserDetails: fetchig
78: FormDAO.java: 31-Jul-2021 02:59:07,175: DEBUG: getUserDetails: fetchig
78: FormDAO.java: 31-Jul-2021 09:16:59,606: DEBUG: getUserDetails: fetchig
28: FormDAO.java: 31-Jul-2021 09:18:42,558: DEBUG: insertUserDetails: fetchig
78: FormDAO.java: 31-Jul-2021 09:19:16,003: DEBUG: getUserDetails: fetchig
78: FormDAO.java: 31-Jul-2021 09:35:02,340: DEBUG: getUserDetails: fetchig
78: FormDAO.java: 31-Jul-2021 09:37:09,109: DEBUG: getUserDetails: fetchig
28: FormDAO.java: 31-Jul-2021 09:42:53,300: DEBUG: insertUserDetails: fetchig
78: FormDAO.java: 31-Jul-2021 09:43:25,937: DEBUG: getUserDetails: fetchig
29: BuyerDAO.java: 31-Jul-2021 09:44:01,461: DEBUG: getAvailableProperty: fetchig
78: FormDAO.java: 31-Jul-2021 09:55:00,604: DEBUG: getUserDetails: fetchig
78: FormDAO.java: 31-Jul-2021 10:31:06,848: DEBUG: getUserDetails: fetchig
122: BuyerDAO.java: 31-Jul-2021 10:31:12,695: DEBUG: getPrice: fetchig
78: FormDAO.java: 31-Jul-2021 10:42:59,404: DEBUG: getUserDetails: fetchig
122: BuyerDAO.java: 31-Jul-2021 10:43:04,186: DEBUG: getPrice: fetchig
28: FormDAO.java: 31-Jul-2021 11:11:42,711: DEBUG: insertUserDetails: fetchig
78: FormDAO.java: 31-Jul-2021 11:12:08,085: DEBUG: getUserDetails: fetchig
78: FormDAO.java: 31-Jul-2021 11:16:15,751: DEBUG: getUserDetails: fetchig
78: FormDAO.java: 31-Jul-2021 11:20:03,272: DEBUG: getUserDetails: fetchig
78: FormDAO.java: 31-Jul-2021 11:21:09,130: DEBUG: getUserDetails: fetchig
29: BuyerDAO.java: 31-Jul-2021 11:21:40,106: DEBUG: getAvailableProperty: fetchig
28: FormDAO.java: 31-Jul-2021 11:23:51,403: DEBUG: insertUserDetails: fetchig
78: FormDAO.java: 31-Jul-2021 11:24:25,812: DEBUG: getUserDetails: fetchig
78: FormDAO.java: 31-Jul-2021 11:25:04,307: DEBUG: getUserDetails: fetchig
29: BuyerDAO.java: 31-Jul-2021 11:25:50,114: DEBUG: getAvailableProperty: fetchig
29: BuyerDAO.java: 31-Jul-2021 11:26:38,856: DEBUG: getAvailableProperty: fetchig
122: BuyerDAO.java: 31-Jul-2021 11:27:50,002: DEBUG: getPrice: fetchig
28: FormDAO.java: 31-Jul-2021 14:56:34,707: DEBUG: insertUserDetails: fetchig
78: FormDAO.java: 31-Jul-2021 14:57:13,666: DEBUG: getUserDetails: fetchig
28: FormDAO.java: 31-Jul-2021 15:00:01,358: DEBUG: insertUserDetails: fetchig
78: FormDAO.java: 31-Jul-2021 15:00:32,028: DEBUG: getUserDetails: fetchig
78: FormDAO.java: 31-Jul-2021 15:22:10,445: DEBUG: getUserDetails: fetchig
28: FormDAO.java: 31-Jul-2021 15:42:25,354: DEBUG: insertUserDetails: fetchig
78: FormDAO.java: 31-Jul-2021 15:43:44,434: DEBUG: getUserDetails: fetchig
28: FormDAO.java: 31-Jul-2021 15:47:24,047: DEBUG: insertUserDetails: fetchig
78: FormDAO.java: 31-Jul-2021 15:48:25,619: DEBUG: getUserDetails: fetchig
78: FormDAO.java: 31-Jul-2021 15:50:39,673: DEBUG: getUserDetails: fetchig
30: AdminDAO.java: 31-Jul-2021 15:51:33,549: DEBUG: getAllPropertry: fetchig
78: FormDAO.java: 31-Jul-2021 15:58:49,163: DEBUG: getUserDetails: fetchig
78: FormDAO.java: 01-Aug-2021 13:58:28,535: DEBUG: getUserDetails: fetchig
78: FormDAO.java: 01-Aug-2021 14:04:10,285: DEBUG: getUserDetails: fetchig
230: FormDAO.java: 02-Aug-2021 09:11:58,960: DEBUG: getUserDetails: fetchig
230: FormDAO.java: 02-Aug-2021 09:13:29,633: DEBUG: getUserDetails: fetchig
197: FormDAO.java: 02-Aug-2021 10:06:15,417: DEBUG: insertUserDetails: fetchig
248: FormDAO.java: 03-Aug-2021 09:39:01,341: DEBUG: getUserDetails: fetchig
248: FormDAO.java: 03-Aug-2021 09:43:16,142: DEBUG: getUserDetails: fetchig
248: FormDAO.java: 03-Aug-2021 09:45:42,571: DEBUG: getUserDetails: fetchig
248: FormDAO.java: 03-Aug-2021 09:49:25,830: DEBUG: getUserDetails: fetchig
248: FormDAO.java: 03-Aug-2021 09:52:35,632: DEBUG: getUserDetails: fetchig
248: FormDAO.java: 03-Aug-2021 14:21:04,295: DEBUG: getUserDetails: fetchig
248: FormDAO.java: 03-Aug-2021 14:21:52,625: DEBUG: getUserDetails: fetchig
248: FormDAO.java: 03-Aug-2021 14:22:44,423: DEBUG: getUserDetails: fetchig
197: FormDAO.java: 03-Aug-2021 14:39:57,785: DEBUG: insertUserDetails: fetchig
248: FormDAO.java: 03-Aug-2021 14:41:53,542: DEBUG: getUserDetails: fetchig
248: FormDAO.java: 03-Aug-2021 14:49:06,234: DEBUG: getUserDetails: fetchig
248: FormDAO.java: 03-Aug-2021 14:51:57,885: DEBUG: getUserDetails: fetchig
248: FormDAO.java: 03-Aug-2021 14:57:32,263: DEBUG: getUserDetails: fetchig
248: FormDAO.java: 03-Aug-2021 15:02:41,175: DEBUG: getUserDetails: fetchig
